This is pdfTeX, Version 3.14159265-2.6-1.40.18 (MiKTeX 2.9.6350 64-bit) (preloaded format=pdflatex 2017.9.27)  27 SEP 2017 16:21
entering extended mode
**./BrowsableStoreAnalytics.tex
(BrowsableStoreAnalytics.tex
LaTeX2e <2017-04-15>
Babel <3.10> and hyphenation patterns for 75 language(s) loaded.
("C:\Program Files\MiKTeX 2.9\tex\latex\koma-script\scrartcl.cls"
Document Class: scrartcl 2017/09/07 v3.24 KOMA-Script document class (article)
("C:\Program Files\MiKTeX 2.9\tex\latex\koma-script\scrkbase.sty"
Package: scrkbase 2017/09/07 v3.24 KOMA-Script package (KOMA-Script-dependent b
asics and keyval usage)

("C:\Program Files\MiKTeX 2.9\tex\latex\koma-script\scrbase.sty"
Package: scrbase 2017/09/07 v3.24 KOMA-Script package (KOMA-Script-independent 
basics and keyval usage)

("C:\Program Files\MiKTeX 2.9\tex\latex\graphics\keyval.sty"
Package: keyval 2014/10/28 v1.15 key=value parser (DPC)
\KV@toks@=\toks14
)
("C:\Program Files\MiKTeX 2.9\tex\latex\koma-script\scrlfile.sty"
Package: scrlfile 2017/09/07 v3.24 KOMA-Script package (loading files)
)))
("C:\Program Files\MiKTeX 2.9\tex\latex\koma-script\tocbasic.sty"
Package: tocbasic 2017/09/07 v3.24 KOMA-Script package (handling toc-files)
\scr@dte@tocline@numberwidth=\skip41
\scr@dte@tocline@numbox=\box26
)
Package tocbasic Info: omitting babel extension for `toc'
(tocbasic)             because of feature `nobabel' available
(tocbasic)             for `toc' on input line 133.
Package tocbasic Info: omitting babel extension for `lof'
(tocbasic)             because of feature `nobabel' available
(tocbasic)             for `lof' on input line 135.
Package tocbasic Info: omitting babel extension for `lot'
(tocbasic)             because of feature `nobabel' available
(tocbasic)             for `lot' on input line 136.
Package scrartcl Info: You've used standard option `11pt'.
(scrartcl)             This is correct!
(scrartcl)             Internally I'm using `fontsize=11pt'.
(scrartcl)             If you'd like to set the option with \KOMAoptions,
(scrartcl)             you'd have to use `fontsize=11pt' there
(scrartcl)             instead of `11pt', too.
Class scrartcl Info: File `scrsize11pt.clo' used to setup font sizes on input l
ine 2080.

("C:\Program Files\MiKTeX 2.9\tex\latex\koma-script\scrsize11pt.clo"
File: scrsize11pt.clo 2017/09/07 v3.24 KOMA-Script font size class option (11pt
)
)
("C:\Program Files\MiKTeX 2.9\tex\latex\koma-script\typearea.sty"
Package: typearea 2017/09/07 v3.24 KOMA-Script package (type area)
\ta@bcor=\skip42
\ta@div=\count79
\ta@hblk=\skip43
\ta@vblk=\skip44
\ta@temp=\skip45
\footheight=\skip46
Package typearea Info: These are the values describing the layout:
(typearea)             DIV  = 10
(typearea)             BCOR = 0.0pt
(typearea)             \paperwidth      = 597.50793pt
(typearea)              \textwidth      = 418.25555pt
(typearea)              DIV departure   = -6%
(typearea)              \evensidemargin = 17.3562pt
(typearea)              \oddsidemargin  = 17.3562pt
(typearea)             \paperheight     = 845.04694pt
(typearea)              \textheight     = 595.80026pt
(typearea)              \topmargin      = -25.16531pt
(typearea)              \headheight     = 17.0pt
(typearea)              \headsep        = 20.40001pt
(typearea)              \topskip        = 11.0pt
(typearea)              \footskip       = 47.6pt
(typearea)              \baselineskip   = 13.6pt
(typearea)              on input line 1686.
)
\c@part=\count80
\c@section=\count81
\c@subsection=\count82
\c@subsubsection=\count83
\c@paragraph=\count84
\c@subparagraph=\count85
\scr@dte@part@maxnumwidth=\skip47
\scr@dte@section@maxnumwidth=\skip48
\scr@dte@subsection@maxnumwidth=\skip49
\scr@dte@subsubsection@maxnumwidth=\skip50
\scr@dte@paragraph@maxnumwidth=\skip51
\scr@dte@subparagraph@maxnumwidth=\skip52
LaTeX Info: Redefining \textsubscript on input line 4161.
\abovecaptionskip=\skip53
\belowcaptionskip=\skip54
\c@pti@nb@sid@b@x=\box27
\c@figure=\count86
\c@table=\count87
Class scrartcl Info: Redefining `\numberline' on input line 5319.
\bibindent=\dimen102
)
("C:\Program Files\MiKTeX 2.9\tex\latex\classicthesis\classicthesis.sty"
Package: classicthesis 2015/09/06 v4.2 Typographic style for a classic-looking 
thesis

("C:\Program Files\MiKTeX 2.9\tex\latex\base\ifthen.sty"
Package: ifthen 2014/09/29 v1.1c Standard LaTeX ifthen package (DPC)
)
Package classicthesis Info: Using option "nochapters" (probably for an article)
. This turns off the options "linedheaders", "manychapters", "floatperchapter",
"listsseparated", "eulerchapternumbers", and "parts". Please be aware of that. 
on input line 158.

("C:\Program Files\MiKTeX 2.9\tex\generic\oberdiek\ifpdf.sty"
Package: ifpdf 2017/03/15 v3.2 Provides the ifpdf switch
)
("C:\Program Files\MiKTeX 2.9\tex\latex\hyperref\hyperref.sty"
Package: hyperref 2017/03/14 v6.85a Hypertext links for LaTeX

("C:\Program Files\MiKTeX 2.9\tex\generic\oberdiek\hobsub-hyperref.sty"
Package: hobsub-hyperref 2016/05/16 v1.14 Bundle oberdiek, subset hyperref (HO)


("C:\Program Files\MiKTeX 2.9\tex\generic\oberdiek\hobsub-generic.sty"
Package: hobsub-generic 2016/05/16 v1.14 Bundle oberdiek, subset generic (HO)
Package: hobsub 2016/05/16 v1.14 Construct package bundles (HO)
Package: infwarerr 2016/05/16 v1.4 Providing info/warning/error messages (HO)
Package: ltxcmds 2016/05/16 v1.23 LaTeX kernel commands for general use (HO)
Package: ifluatex 2016/05/16 v1.4 Provides the ifluatex switch (HO)
Package ifluatex Info: LuaTeX not detected.
Package: ifvtex 2016/05/16 v1.6 Detect VTeX and its facilities (HO)
Package ifvtex Info: VTeX not detected.
Package: intcalc 2016/05/16 v1.2 Expandable calculations with integers (HO)
Package hobsub Info: Skipping package `ifpdf' (already loaded).
Package: etexcmds 2016/05/16 v1.6 Avoid name clashes with e-TeX commands (HO)
Package etexcmds Info: Could not find \expanded.
(etexcmds)             That can mean that you are not using pdfTeX 1.50 or
(etexcmds)             that some package has redefined \expanded.
(etexcmds)             In the latter case, load this package earlier.
Package: kvsetkeys 2016/05/16 v1.17 Key value parser (HO)
Package: kvdefinekeys 2016/05/16 v1.4 Define keys (HO)
Package: pdftexcmds 2017/03/19 v0.25 Utility functions of pdfTeX for LuaTeX (HO
)
Package pdftexcmds Info: LuaTeX not detected.
Package pdftexcmds Info: \pdf@primitive is available.
Package pdftexcmds Info: \pdf@ifprimitive is available.
Package pdftexcmds Info: \pdfdraftmode found.
Package: pdfescape 2016/05/16 v1.14 Implements pdfTeX's escape features (HO)
Package: bigintcalc 2016/05/16 v1.4 Expandable calculations on big integers (HO
)
Package: bitset 2016/05/16 v1.2 Handle bit-vector datatype (HO)
Package: uniquecounter 2016/05/16 v1.3 Provide unlimited unique counter (HO)
)
Package hobsub Info: Skipping package `hobsub' (already loaded).
Package: letltxmacro 2016/05/16 v1.5 Let assignment for LaTeX macros (HO)
Package: hopatch 2016/05/16 v1.3 Wrapper for package hooks (HO)
Package: xcolor-patch 2016/05/16 xcolor patch
Package: atveryend 2016/05/16 v1.9 Hooks at the very end of document (HO)
Package atveryend Info: \enddocument detected (standard20110627).
Package: atbegshi 2016/06/09 v1.18 At begin shipout hook (HO)
Package: refcount 2016/05/16 v3.5 Data extraction from label references (HO)
Package: hycolor 2016/05/16 v1.8 Color options for hyperref/bookmark (HO)
)
("C:\Program Files\MiKTeX 2.9\tex\generic\ifxetex\ifxetex.sty"
Package: ifxetex 2010/09/12 v0.6 Provides ifxetex conditional
)
("C:\Program Files\MiKTeX 2.9\tex\latex\oberdiek\auxhook.sty"
Package: auxhook 2016/05/16 v1.4 Hooks for auxiliary files (HO)
)
("C:\Program Files\MiKTeX 2.9\tex\latex\oberdiek\kvoptions.sty"
Package: kvoptions 2016/05/16 v3.12 Key value format for package options (HO)
)
\@linkdim=\dimen103
\Hy@linkcounter=\count88
\Hy@pagecounter=\count89

("C:\Program Files\MiKTeX 2.9\tex\latex\hyperref\pd1enc.def"
File: pd1enc.def 2017/03/14 v6.85a Hyperref: PDFDocEncoding definition (HO)
)
\Hy@SavedSpaceFactor=\count90

("C:\Program Files\MiKTeX 2.9\tex\latex\00miktex\hyperref.cfg"
File: hyperref.cfg 2002/06/06 v1.2 hyperref configuration of TeXLive
)
Package hyperref Info: Hyper figures OFF on input line 4498.
Package hyperref Info: Link nesting OFF on input line 4503.
Package hyperref Info: Hyper index ON on input line 4506.
Package hyperref Info: Plain pages OFF on input line 4513.
Package hyperref Info: Backreferencing OFF on input line 4518.
Package hyperref Info: Implicit mode ON; LaTeX internals redefined.
Package hyperref Info: Bookmarks ON on input line 4751.
\c@Hy@tempcnt=\count91

("C:\Program Files\MiKTeX 2.9\tex\latex\url\url.sty"
\Urlmuskip=\muskip10
Package: url 2013/09/16  ver 3.4  Verb mode for urls, etc.
)
LaTeX Info: Redefining \url on input line 5104.
\XeTeXLinkMargin=\dimen104
\Fld@menulength=\count92
\Field@Width=\dimen105
\Fld@charsize=\dimen106
Package hyperref Info: Hyper figures OFF on input line 6358.
Package hyperref Info: Link nesting OFF on input line 6363.
Package hyperref Info: Hyper index ON on input line 6366.
Package hyperref Info: backreferencing OFF on input line 6373.
Package hyperref Info: Link coloring OFF on input line 6378.
Package hyperref Info: Link coloring with OCG OFF on input line 6383.
Package hyperref Info: PDF/A mode OFF on input line 6388.
LaTeX Info: Redefining \ref on input line 6428.
LaTeX Info: Redefining \pageref on input line 6432.
\Hy@abspage=\count93
\c@Item=\count94
\c@Hfootnote=\count95
)

Package hyperref Message: Driver (autodetected): hpdftex.

("C:\Program Files\MiKTeX 2.9\tex\latex\hyperref\hpdftex.def"
File: hpdftex.def 2017/03/14 v6.85a Hyperref driver for pdfTeX
\Fld@listcount=\count96
\c@bookmark@seq@number=\count97

("C:\Program Files\MiKTeX 2.9\tex\latex\oberdiek\rerunfilecheck.sty"
Package: rerunfilecheck 2016/05/16 v1.8 Rerun checks for auxiliary files (HO)
Package uniquecounter Info: New unique counter `rerunfilecheck' on input line 2
82.
)
\Hy@SectionHShift=\skip55
)
("C:\Program Files\MiKTeX 2.9\tex\latex\xcolor\xcolor.sty"
Package: xcolor 2016/05/11 v2.12 LaTeX color extensions (UK)

("C:\Program Files\MiKTeX 2.9\tex\latex\graphics-cfg\color.cfg"
File: color.cfg 2016/01/02 v1.6 sample color configuration
)
Package xcolor Info: Driver file: pdftex.def on input line 225.

("C:\Program Files\MiKTeX 2.9\tex\latex\graphics-def\pdftex.def"
File: pdftex.def 2017/01/12 v0.06k Graphics/color for pdfTeX
\Gread@gobject=\count98
)
Package xcolor Info: Model `cmy' substituted by `cmy0' on input line 1348.
Package xcolor Info: Model `hsb' substituted by `rgb' on input line 1352.
Package xcolor Info: Model `RGB' extended on input line 1364.
Package xcolor Info: Model `HTML' substituted by `rgb' on input line 1366.
Package xcolor Info: Model `Hsb' substituted by `hsb' on input line 1367.
Package xcolor Info: Model `tHsb' substituted by `hsb' on input line 1368.
Package xcolor Info: Model `HSB' substituted by `hsb' on input line 1369.
Package xcolor Info: Model `Gray' substituted by `gray' on input line 1370.
Package xcolor Info: Model `wave' substituted by `hsb' on input line 1371.

("C:\Program Files\MiKTeX 2.9\tex\latex\graphics\dvipsnam.def"
File: dvipsnam.def 2016/06/17 v3.0m Driver-dependent file (DPC,SPQR)
))
("C:\Program Files\MiKTeX 2.9\tex\latex\psnfss\mathpazo.sty"
Package: mathpazo 2005/04/12 PSNFSS-v9.2a Palatino w/ Pazo Math (D.Puga, WaS) 
\symupright=\mathgroup4
)
("C:\Program Files\MiKTeX 2.9\tex\latex\microtype\microtype.sty"
Package: microtype 2017/07/07 v2.7 Micro-typographical refinements (RS)
\MT@toks=\toks15
\MT@count=\count99
LaTeX Info: Redefining \textls on input line 789.
\MT@outer@kern=\dimen107
LaTeX Info: Redefining \textmicrotypecontext on input line 1334.
\MT@listname@count=\count100

("C:\Program Files\MiKTeX 2.9\tex\latex\microtype\microtype-pdftex.def"
File: microtype-pdftex.def 2017/07/07 v2.7 Definitions specific to pdftex (RS)
LaTeX Info: Redefining \lsstyle on input line 912.
LaTeX Info: Redefining \lslig on input line 912.
\MT@outer@space=\skip56
)
Package microtype Info: Loading configuration file microtype.cfg.

("C:\Program Files\MiKTeX 2.9\tex\latex\microtype\microtype.cfg"
File: microtype.cfg 2017/07/07 v2.7 microtype main configuration file (RS)
))
Package classicthesis Info: A4 paper, Palatino or other on input line 272.
Package typearea Info: These are the values describing the layout:
(typearea)             DIV  = areaset
(typearea)             BCOR = 0.0pt
(typearea)             \paperwidth      = 597.50793pt
(typearea)              \textwidth      = 336.0pt
(typearea)              \evensidemargin = 58.48398pt
(typearea)              \oddsidemargin  = 58.48398pt
(typearea)             \paperheight     = 845.04694pt
(typearea)              \textheight     = 750.0pt
(typearea)              \topmargin      = -76.93768pt
(typearea)              \headheight     = 15.95pt
(typearea)              \headsep        = 20.40001pt
(typearea)              \topskip        = 11.0pt
(typearea)              \footskip       = 47.60002pt
(typearea)              \baselineskip   = 13.6pt
(typearea)              on input line 272.

("C:\Program Files\MiKTeX 2.9\tex\latex\booktabs\booktabs.sty"
Package: booktabs 2005/04/14 v1.61803 publication quality tables
\heavyrulewidth=\dimen108
\lightrulewidth=\dimen109
\cmidrulewidth=\dimen110
\belowrulesep=\dimen111
\belowbottomsep=\dimen112
\aboverulesep=\dimen113
\abovetopsep=\dimen114
\cmidrulesep=\dimen115
\cmidrulekern=\dimen116
\defaultaddspace=\dimen117
\@cmidla=\count101
\@cmidlb=\count102
\@aboverulesep=\dimen118
\@belowrulesep=\dimen119
\@thisruleclass=\count103
\@lastruleclass=\count104
\@thisrulewidth=\dimen120
)
("C:\Program Files\MiKTeX 2.9\tex\latex\textcase\textcase.sty"
Package: textcase 2004/10/07 v0.07 Text only upper/lower case changing (DPC)
)
("C:\Program Files\MiKTeX 2.9\tex\latex\soul\soul.sty"
Package: soul 2003/11/17 v2.4 letterspacing/underlining (mf)
\SOUL@word=\toks16
\SOUL@lasttoken=\toks17
\SOUL@cmds=\toks18
\SOUL@buffer=\toks19
\SOUL@token=\toks20
\SOUL@spaceskip=\skip57
\SOUL@ttwidth=\dimen121
\SOUL@uldp=\dimen122
\SOUL@ulht=\dimen123
)
("C:\Program Files\MiKTeX 2.9\tex\latex\koma-script\scrlayer-scrpage.sty"
Package: scrlayer-scrpage 2017/09/07 v3.24 KOMA-Script package (end user interf
ace for scrlayer)

("C:\Program Files\MiKTeX 2.9\tex\latex\koma-script\scrlayer.sty"
Package: scrlayer 2017/09/07 v3.24 KOMA-Script package (defining layers and pag
e styles)
Package scrlayer Info: Using already defined \footheight
(scrlayer)             hoping, that this is a length and
(scrlayer)             not only a macro on input line 109.
Package scrlayer Info: patching LaTeX kernel macro \pagestyle on input line 199
7.
)
Package scrlayer-scrpage Info: deactivating warning for font element
(scrlayer-scrpage)             `pagefoot' on input line 1247.
)
Package scrlayer-scrpage Info: auto-selection of `pagestyleset=KOMA-Script'.

1: subsection
1: section
1: section
1: subsection

Class scrartcl Warning: Usage of package `titlesec' together
(scrartcl)              with a KOMA-Script class is not recommended.
(scrartcl)              I'd suggest to use the package only
(scrartcl)              if you really need it, because it breaks several
(scrartcl)              KOMA-Script features, i.e., option `headings' and
(scrartcl)              the extended optional argument of the section
(scrartcl)              commands.
(scrartcl)              Nevertheless, using requested
(scrartcl)              package `titlesec' on input line 378.

("C:\Program Files\MiKTeX 2.9\tex\latex\titlesec\titlesec.sty"
Package: titlesec 2016/03/21 v2.10.2 Sectioning titles
\ttl@box=\box28
\beforetitleunit=\skip58
\aftertitleunit=\skip59
\ttl@plus=\dimen124
\ttl@minus=\dimen125
\ttl@toksa=\toks21
\titlewidth=\dimen126
\titlewidthlast=\dimen127
\titlewidthfirst=\dimen128


Package titlesec Warning: Non standard sectioning command detected
(titlesec)                Using default spacing and no format.


Package titlesec Warning: Non standard sectioning command detected
(titlesec)                Using default spacing and no format.


Package titlesec Warning: Non standard sectioning command detected
(titlesec)                Using default spacing and no format.


Package titlesec Warning: Non standard sectioning command detected
(titlesec)                Using default spacing and no format.


Package titlesec Warning: Non standard sectioning command detected
(titlesec)                Using default spacing and no format.

)

Class scrartcl Warning: Activating an ugly workaround for a missing
(scrartcl)              feature of package `titlesec` on input line 378.

("C:\Program Files\MiKTeX 2.9\tex\latex\tocloft\tocloft.sty"
Package: tocloft 2017/08/31 v2.3i parameterised ToC, etc., typesetting
Package tocloft Info: The document has section divisions on input line 51.
\cftparskip=\skip60
\cftbeforetoctitleskip=\skip61
\cftaftertoctitleskip=\skip62
\cftbeforepartskip=\skip63
\cftpartnumwidth=\skip64
\cftpartindent=\skip65
\cftbeforesecskip=\skip66
\cftsecindent=\skip67
\cftsecnumwidth=\skip68
\cftbeforesubsecskip=\skip69
\cftsubsecindent=\skip70
\cftsubsecnumwidth=\skip71
\cftbeforesubsubsecskip=\skip72
\cftsubsubsecindent=\skip73
\cftsubsubsecnumwidth=\skip74
\cftbeforeparaskip=\skip75
\cftparaindent=\skip76
\cftparanumwidth=\skip77
\cftbeforesubparaskip=\skip78
\cftsubparaindent=\skip79
\cftsubparanumwidth=\skip80
\cftbeforeloftitleskip=\skip81
\cftafterloftitleskip=\skip82
\cftbeforefigskip=\skip83
\cftfigindent=\skip84
\cftfignumwidth=\skip85
\c@lofdepth=\count105
\c@lotdepth=\count106
\cftbeforelottitleskip=\skip86
\cftafterlottitleskip=\skip87
\cftbeforetabskip=\skip88
\cfttabindent=\skip89
\cfttabnumwidth=\skip90
)
\newnumberwidth=\skip91
\beforebibskip=\skip92
\newchnumberwidth=\skip93
\figurelabelwidth=\skip94
\tablelabelwidth=\skip95

Using KOMA-command "deffootnote" for footnote setup
("C:\Program Files\MiKTeX 2.9\tex\latex\koma-script\scrtime.sty"
Package: scrtime 2017/09/07 v3.24 KOMA-Script package (time of LaTeX run)
)
("C:\Program Files\MiKTeX 2.9\tex\latex\carlisle\remreset.sty"))
("C:\Program Files\MiKTeX 2.9\tex\latex\tools\longtable.sty"
Package: longtable 2014/10/28 v4.11 Multi-page Table package (DPC)
\LTleft=\skip96
\LTright=\skip97
\LTpre=\skip98
\LTpost=\skip99
\LTchunksize=\count107
\LTcapwidth=\dimen129
\LT@head=\box29
\LT@firsthead=\box30
\LT@foot=\box31
\LT@lastfoot=\box32
\LT@cols=\count108
\LT@rows=\count109
\c@LT@tables=\count110
\c@LT@chunks=\count111
\LT@p@ftn=\toks22
)
Class scrartcl Info: longtable captions redefined on input line 6.

("C:\Program Files\MiKTeX 2.9\tex\latex\geometry\geometry.sty"
Package: geometry 2010/09/12 v5.6 Page Geometry
\Gm@cnth=\count112
\Gm@cntv=\count113
\c@Gm@tempcnt=\count114
\Gm@bindingoffset=\dimen130
\Gm@wd@mp=\dimen131
\Gm@odd@mp=\dimen132
\Gm@even@mp=\dimen133
\Gm@layoutwidth=\dimen134
\Gm@layoutheight=\dimen135
\Gm@layouthoffset=\dimen136
\Gm@layoutvoffset=\dimen137
\Gm@dimlist=\toks23

("C:\Program Files\MiKTeX 2.9\tex\latex\geometry\geometry.cfg"))
("C:\Program Files\MiKTeX 2.9\tex\latex\tools\multicol.sty"
Package: multicol 2017/04/11 v1.8q multicolumn formatting (FMi)
\c@tracingmulticols=\count115
\mult@box=\box33
\multicol@leftmargin=\dimen138
\c@unbalance=\count116
\c@collectmore=\count117
\doublecol@number=\count118
\multicoltolerance=\count119
\multicolpretolerance=\count120
\full@width=\dimen139
\page@free=\dimen140
\premulticols=\dimen141
\postmulticols=\dimen142
\multicolsep=\skip100
\multicolbaselineskip=\skip101
\partial@page=\box34
\last@line=\box35
\maxbalancingoverflow=\dimen143
\mult@rightbox=\box36
\mult@grightbox=\box37
\mult@gfirstbox=\box38
\mult@firstbox=\box39
\@tempa=\box40
\@tempa=\box41
\@tempa=\box42
\@tempa=\box43
\@tempa=\box44
\@tempa=\box45
\@tempa=\box46
\@tempa=\box47
\@tempa=\box48
\@tempa=\box49
\@tempa=\box50
\@tempa=\box51
\@tempa=\box52
\@tempa=\box53
\@tempa=\box54
\@tempa=\box55
\@tempa=\box56
\c@columnbadness=\count121
\c@finalcolumnbadness=\count122
\last@try=\dimen144
\multicolovershoot=\dimen145
\multicolundershoot=\dimen146
\mult@nat@firstbox=\box57
\colbreak@box=\box58
\mc@col@check@num=\count123
)
("C:\Program Files\MiKTeX 2.9\tex\latex\graphics\graphicx.sty"
Package: graphicx 2014/10/28 v1.0g Enhanced LaTeX Graphics (DPC,SPQR)

("C:\Program Files\MiKTeX 2.9\tex\latex\graphics\graphics.sty"
Package: graphics 2017/04/14 v1.1b Standard LaTeX Graphics (DPC,SPQR)

("C:\Program Files\MiKTeX 2.9\tex\latex\graphics\trig.sty"
Package: trig 2016/01/03 v1.10 sin cos tan (DPC)
)
("C:\Program Files\MiKTeX 2.9\tex\latex\graphics-cfg\graphics.cfg"
File: graphics.cfg 2016/06/04 v1.11 sample graphics configuration
)
Package graphics Info: Driver file: pdftex.def on input line 99.
)
\Gin@req@height=\dimen147
\Gin@req@width=\dimen148
)
Package hyperref Info: Option `colorlinks' set `true' on input line 24.

(BrowsableStoreAnalytics.aux)
\openout1 = `BrowsableStoreAnalytics.aux'.

LaTeX Font Info:    Checking defaults for OML/cmm/m/it on input line 26.
LaTeX Font Info:    ... okay on input line 26.
LaTeX Font Info:    Checking defaults for T1/cmr/m/n on input line 26.
LaTeX Font Info:    ... okay on input line 26.
LaTeX Font Info:    Checking defaults for OT1/cmr/m/n on input line 26.
LaTeX Font Info:    ... okay on input line 26.
LaTeX Font Info:    Checking defaults for OMS/cmsy/m/n on input line 26.
LaTeX Font Info:    ... okay on input line 26.
LaTeX Font Info:    Checking defaults for OMX/cmex/m/n on input line 26.
LaTeX Font Info:    ... okay on input line 26.
LaTeX Font Info:    Checking defaults for U/cmr/m/n on input line 26.
LaTeX Font Info:    ... okay on input line 26.
LaTeX Font Info:    Checking defaults for PD1/pdf/m/n on input line 26.
LaTeX Font Info:    ... okay on input line 26.
LaTeX Font Info:    Try loading font information for OT1+pplj on input line 26.


("C:\Program Files\MiKTeX 2.9\tex\latex\psnfss\ot1pplj.fd"
File: ot1pplj.fd 2004/09/06 font definitions for OT1/pplj.
)
\AtBeginShipoutBox=\box59
Package hyperref Info: Link coloring ON on input line 26.

("C:\Program Files\MiKTeX 2.9\tex\latex\hyperref\nameref.sty"
Package: nameref 2016/05/21 v2.44 Cross-referencing by name of section

("C:\Program Files\MiKTeX 2.9\tex\generic\oberdiek\gettitlestring.sty"
Package: gettitlestring 2016/05/16 v1.5 Cleanup title references (HO)
)
\c@section@level=\count124
)
LaTeX Info: Redefining \ref on input line 26.
LaTeX Info: Redefining \pageref on input line 26.
LaTeX Info: Redefining \nameref on input line 26.

(BrowsableStoreAnalytics.out) (BrowsableStoreAnalytics.out)
\@outlinefile=\write3
\openout3 = `BrowsableStoreAnalytics.out'.


("C:\Program Files\MiKTeX 2.9\tex\context\base\supp-pdf.mkii"
[Loading MPS to PDF converter (version 2006.09.02).]
\scratchcounter=\count125
\scratchdimen=\dimen149
\scratchbox=\box60
\nofMPsegments=\count126
\nofMParguments=\count127
\everyMPshowfont=\toks24
\MPscratchCnt=\count128
\MPscratchDim=\dimen150
\MPnumerator=\count129
\makeMPintoPDFobject=\count130
\everyMPtoPDFconversion=\toks25
) ("C:\Program Files\MiKTeX 2.9\tex\latex\oberdiek\epstopdf-base.sty"
Package: epstopdf-base 2016/05/15 v2.6 Base part for package epstopdf

("C:\Program Files\MiKTeX 2.9\tex\latex\oberdiek\grfext.sty"
Package: grfext 2016/05/16 v1.2 Manage graphics extensions (HO)
)
Package epstopdf-base Info: Redefining graphics rule for `.eps' on input line 4
38.
Package grfext Info: Graphics extension search list:
(grfext)             [.png,.pdf,.jpg,.mps,.jpeg,.jbig2,.jb2,.PNG,.PDF,.JPG,.JPE
G,.JBIG2,.JB2,.eps]
(grfext)             \AppendGraphicsExtensions on input line 456.
)
\big@size=\dimen151
LaTeX Info: Redefining \microtypecontext on input line 26.
Package microtype Info: Generating PDF output.
Package microtype Info: Character protrusion enabled (level 2).
Package microtype Info: Using default protrusion set `alltext'.
Package microtype Info: Automatic font expansion enabled (level 2),
(microtype)             stretch: 20, shrink: 20, step: 1, non-selected.
Package microtype Info: Using default expansion set `basictext'.
Package microtype Info: No adjustment of tracking.
Package microtype Info: No adjustment of interword spacing.
Package microtype Info: No adjustment of character kerning.

("C:\Program Files\MiKTeX 2.9\tex\latex\microtype\mt-ppl.cfg"
File: mt-ppl.cfg 2005/11/16 v1.6 microtype config. file: Palatino (RS)
)
*geometry* driver: auto-detecting
*geometry* detected driver: pdftex
*geometry* verbose mode - [ preamble ] result:
* driver: pdftex
* paper: <default>
* layout: <same size as paper>
* layoutoffset:(h,v)=(0.0pt,0.0pt)
* modes: 
* h-part:(L,W,R)=(54.2025pt, 489.10294pt, 54.2025pt)
* v-part:(T,H,B)=(90.3375pt, 664.37195pt, 90.3375pt)
* \paperwidth=597.50793pt
* \paperheight=845.04694pt
* \textwidth=489.10294pt
* \textheight=664.37195pt
* \oddsidemargin=-18.06749pt
* \evensidemargin=-18.06749pt
* \topmargin=-18.2825pt
* \headheight=15.95pt
* \headsep=20.40001pt
* \topskip=11.0pt
* \footskip=47.60002pt
* \marginparwidth=76.65019pt
* \marginparsep=21.90005pt
* \columnsep=21.90005pt
* \skip\footins=10.0pt plus 4.0pt minus 2.0pt
* \hoffset=0.0pt
* \voffset=0.0pt
* \mag=1000
* \@twocolumnfalse
* \@twosidefalse
* \@mparswitchfalse
* \@reversemarginfalse
* (1in=72.27pt=25.4mm, 1cm=28.453pt)


Underfull \hbox (badness 10000) in paragraph at lines 28--30

 []

Package microtype Info: Character `013' is missing
(microtype)             in font `OT1/pplj/m/sc/17.28'.
(microtype)             Ignoring protrusion settings for this character.
Package microtype Info: Character `013' is missing
(microtype)             in font `OT1/pplj/m/sc/10.95'.
(microtype)             Ignoring protrusion settings for this character.
Package tocbasic Info: character protrusion at toc deactivated on input line 40
.
(BrowsableStoreAnalytics.toc)
\tf@toc=\write4
\openout4 = `BrowsableStoreAnalytics.toc'.

 (readme.tex
Package microtype Info: Loading generic protrusion settings for font family
(microtype)             `cmtt' (encoding: OT1).
(microtype)             For optimal results, create family-specific settings.
(microtype)             See the microtype manual for details.
LaTeX Font Info:    Try loading font information for OT1+pplx on input line 14.


("C:\Program Files\MiKTeX 2.9\tex\latex\psnfss\ot1pplx.fd"
File: ot1pplx.fd 2004/09/06 font definitions for OT1/pplx.
)
LaTeX Font Info:    Try loading font information for OML+zplm on input line 14.


("C:\Program Files\MiKTeX 2.9\tex\latex\psnfss\omlzplm.fd"
File: omlzplm.fd 2002/09/08 Fontinst v1.914 font definitions for OML/zplm.
)
LaTeX Font Info:    Try loading font information for OMS+zplm on input line 14.


("C:\Program Files\MiKTeX 2.9\tex\latex\psnfss\omszplm.fd"
File: omszplm.fd 2002/09/08 Fontinst v1.914 font definitions for OMS/zplm.
)
LaTeX Font Info:    Try loading font information for OMX+zplm on input line 14.


("C:\Program Files\MiKTeX 2.9\tex\latex\psnfss\omxzplm.fd"
File: omxzplm.fd 2002/09/08 Fontinst v1.914 font definitions for OMX/zplm.
)
LaTeX Font Info:    Try loading font information for OT1+zplm on input line 14.


("C:\Program Files\MiKTeX 2.9\tex\latex\psnfss\ot1zplm.fd"
File: ot1zplm.fd 2002/09/08 Fontinst v1.914 font definitions for OT1/zplm.
)
Package microtype Info: Loading generic protrusion settings for font family
(microtype)             `zplm' (encoding: OT1).
(microtype)             For optimal results, create family-specific settings.
(microtype)             See the microtype manual for details.
 [1{C:/ProgramData/MiKTeX/2.9/pdftex/config/pdftex.map}

]
Package microtype Info: Character `013' is missing
(microtype)             in font `OT1/pplj/m/sc/10'.
(microtype)             Ignoring protrusion settings for this character.
 [2]
Overfull \hbox (16.78159pt too wide) in paragraph at lines 173--173
[]\OT1/cmtt/m/n/10.95 # docker containers connected to the image can access it 
with http://influxdb:<portname>[] 
 []

[3]
Overfull \hbox (73.11873pt too wide) in paragraph at lines 173--173
[]\OT1/cmtt/m/n/10.95 # start an inflxudb container connected to the influxdb n
etwork with 8086 mapped (influxdb's port)[] 
 []

LaTeX Font Info:    Try loading font information for OMS+cmtt on input line 210
.
LaTeX Font Info:    No file OMScmtt.fd. on input line 210.

LaTeX Font Warning: Font shape `OMS/cmtt/m/n' undefined
(Font)              using `OMS/cmsy/m/n' instead
(Font)              for symbol `textbraceleft' on input line 210.

! Undefined control sequence.
<argument> ...tp://\{your\ docker\textquotesingle 
                                                  {}s\ ip\}:\{either\ 8888\ ...
l.214 ...or\ Chronograf\ or\ 3000\ for\ Grafana\}}
                                                  
? 

Overfull \hbox (15.37575pt too wide) in paragraph at lines 213--215
[]\OT1/pplj/m/n/10.95 (-20) In lo-ca-tion put \OT1/cmtt/m/n/10.95 proxy[]pass h
ttp://\OMS/cmtt/m/n/10.95 f\OT1/cmtt/m/n/10.95 your dockers ip\OMS/cmtt/m/n/10.
95 g\OT1/cmtt/m/n/10.95 :\OMS/cmtt/m/n/10.95 f\OT1/cmtt/m/n/10.95 either 8888 f
or Chronograf or 3000
 []

[4] [5] <gfx/kitematic.png, id=164, 811.74696pt x 511.48232pt>
File: gfx/kitematic.png Graphic file (type png)

<use gfx/kitematic.png>
Package pdftex.def Info: gfx/kitematic.png used on input line 301.
(pdftex.def)             Requested size: 391.28383pt x 246.55452pt.

<gfx/browsablestoreanalyticseditoropened.png, id=165, 1650.165pt x 893.05072pt>
File: gfx/browsablestoreanalyticseditoropened.png Graphic file (type png)
<use gfx/browsablestoreanalyticseditoropened.png>
Package pdftex.def Info: gfx/browsablestoreanalyticseditoropened.png used on in
put line 331.
(pdftex.def)             Requested size: 489.10294pt x 264.68771pt.

Overfull \hbox (10.95pt too wide) in paragraph at lines 331--332
[][] 
 []

[6 <./gfx/kitematic.png>])
Package atveryend Info: Empty hook `BeforeClearDocument' on input line 44.
 [7 <./gfx/browsablestoreanalyticseditoropened.png>]
Package atveryend Info: Empty hook `AfterLastShipout' on input line 44.

(BrowsableStoreAnalytics.aux)
Package atveryend Info: Executing hook `AtVeryEndDocument' on input line 44.
Package atveryend Info: Executing hook `AtEndAfterFileList' on input line 44.
Package rerunfilecheck Info: File `BrowsableStoreAnalytics.out' has not changed
.
(rerunfilecheck)             Checksum: 2FAE2AE1C87BAC64CDDD607814D74961;1575.


LaTeX Font Warning: Some font shapes were not available, defaults substituted.


LaTeX Warning: Label(s) may have changed. Rerun to get cross-references right.

Package atveryend Info: Empty hook `AtVeryVeryEnd' on input line 44.
 ) 
Here is how much of TeX's memory you used:
 12588 strings out of 493323
 229272 string characters out of 3139066
 466175 words of memory out of 3000000
 15782 multiletter control sequences out of 15000+200000
 33640 words of font info for 169 fonts, out of 3000000 for 9000
 1141 hyphenation exceptions out of 8191
 66i,23n,89p,8836b,647s stack positions out of 5000i,500n,10000p,200000b,50000s
{C:/Program Files/MiKTeX 2.9/fonts/enc/dvips/base/8r.enc}<C:/Program Files/Mi
KTeX 2.9/fonts/type1/public/amsfonts/cm/cmsy10.pfb><C:/Program Files/MiKTeX 2.9
/fonts/type1/public/amsfonts/cm/cmtt10.pfb><C:/Program Files/MiKTeX 2.9/fonts/t
ype1/public/fpl/fplrc8a.pfb><C:/Program Files/MiKTeX 2.9/fonts/type1/public/fpl
/fplrij8a.pfb><C:/Program Files/MiKTeX 2.9/fonts/type1/urw/palatino/uplr8a.pfb>
<C:/Program Files/MiKTeX 2.9/fonts/type1/urw/palatino/uplri8a.pfb>
Output written on BrowsableStoreAnalytics.pdf (7 pages, 7627126 bytes).
PDF statistics:
 209 PDF objects out of 1000 (max. 8388607)
 45 named destinations out of 1000 (max. 500000)
 35499 words of extra memory for PDF output out of 35830 (max. 10000000)

